2013-10-04 15:28:28,049 - [INFO] - from play in main 
Listening for HTTP on /0:0:0:0:0:0:0:0:9000

2013-10-04 15:28:40,928 - [ERROR] - from application in New I/O worker #1 


! @6fo1dlg12 - Internal server error, for (GET) [/] ->

sbt.PlayExceptions$TemplateCompilationException: Compilation error[Not parsed?]
	at sbt.PlayCommands$$anonfun$43.apply(PlayCommands.scala:433) ~[na:na]
	at sbt.PlayCommands$$anonfun$43.apply(PlayCommands.scala:409) ~[na:na]
	at sbt.Scoped$$anonfun$hf5$1.apply(Structure.scala:581) ~[na:na]
	at sbt.Scoped$$anonfun$hf5$1.apply(Structure.scala:581) ~[na:na]
	at scala.Function1$$anonfun$compose$1.apply(Function1.scala:49) ~[scala-library.jar:na]
	at sbt.Scoped$Reduced$$anonfun$combine$1$$anonfun$apply$12.apply(Structure.scala:311) ~[na:na]
	at sbt.Scoped$Reduced$$anonfun$combine$1$$anonfun$apply$12.apply(Structure.scala:311) ~[na:na]
	at sbt.$tilde$greater$$anonfun$$u2219$1.apply(TypeFunctions.scala:41) ~[na:na]
	at sbt.std.Transform$$anon$5.work(System.scala:71) ~[na:na]
	at sbt.Execute$$anonfun$submit$1$$anonfun$apply$1.apply(Execute.scala:232) ~[na:na]
	at sbt.Execute$$anonfun$submit$1$$anonfun$apply$1.apply(Execute.scala:232) ~[na:na]
	at sbt.ErrorHandling$.wideConvert(ErrorHandling.scala:18) ~[na:na]
	at sbt.Execute.work(Execute.scala:238) ~[na:na]
	at sbt.Execute$$anonfun$submit$1.apply(Execute.scala:232) ~[na:na]
	at sbt.Execute$$anonfun$submit$1.apply(Execute.scala:232) ~[na:na]
	at sbt.ConcurrentRestrictions$$anon$4$$anonfun$1.apply(ConcurrentRestrictions.scala:160) ~[na:na]
	at sbt.CompletionService$$anon$2.call(CompletionService.scala:30) ~[na:na]
	at java.util.concurrent.FutureTask$Sync.innerRun(Unknown Source) ~[na:1.7.0_05]
	at java.util.concurrent.FutureTask.run(Unknown Source) ~[na:1.7.0_05]
	at java.util.concurrent.Executors$RunnableAdapter.call(Unknown Source) ~[na:1.7.0_05]
	at java.util.concurrent.FutureTask$Sync.innerRun(Unknown Source) ~[na:1.7.0_05]
	at java.util.concurrent.FutureTask.run(Unknown Source) ~[na:1.7.0_05]
	at java.util.concurrent.ThreadPoolExecutor.runWorker(Unknown Source) [na:1.7.0_05]
	at java.util.concurrent.ThreadPoolExecutor$Worker.run(Unknown Source) [na:1.7.0_05]
	at java.lang.Thread.run(Unknown Source) [na:1.7.0_05]

2013-10-04 15:28:41,489 - [WARN] - from play in New I/O worker #1 
No application found at invoker init

2013-10-04 15:28:43,638 - [ERROR] - from application in New I/O worker #1 


! @6fo1dlk58 - Internal server error, for (GET) [/] ->

sbt.PlayExceptions$TemplateCompilationException: Compilation error[Not parsed?]
	at sbt.PlayCommands$$anonfun$43.apply(PlayCommands.scala:433) ~[na:na]
	at sbt.PlayCommands$$anonfun$43.apply(PlayCommands.scala:409) ~[na:na]
	at sbt.Scoped$$anonfun$hf5$1.apply(Structure.scala:581) ~[na:na]
	at sbt.Scoped$$anonfun$hf5$1.apply(Structure.scala:581) ~[na:na]
	at scala.Function1$$anonfun$compose$1.apply(Function1.scala:49) ~[scala-library.jar:na]
	at sbt.Scoped$Reduced$$anonfun$combine$1$$anonfun$apply$12.apply(Structure.scala:311) ~[na:na]
	at sbt.Scoped$Reduced$$anonfun$combine$1$$anonfun$apply$12.apply(Structure.scala:311) ~[na:na]
	at sbt.$tilde$greater$$anonfun$$u2219$1.apply(TypeFunctions.scala:41) ~[na:na]
	at sbt.std.Transform$$anon$5.work(System.scala:71) ~[na:na]
	at sbt.Execute$$anonfun$submit$1$$anonfun$apply$1.apply(Execute.scala:232) ~[na:na]
	at sbt.Execute$$anonfun$submit$1$$anonfun$apply$1.apply(Execute.scala:232) ~[na:na]
	at sbt.ErrorHandling$.wideConvert(ErrorHandling.scala:18) ~[na:na]
	at sbt.Execute.work(Execute.scala:238) ~[na:na]
	at sbt.Execute$$anonfun$submit$1.apply(Execute.scala:232) ~[na:na]
	at sbt.Execute$$anonfun$submit$1.apply(Execute.scala:232) ~[na:na]
	at sbt.ConcurrentRestrictions$$anon$4$$anonfun$1.apply(ConcurrentRestrictions.scala:160) ~[na:na]
	at sbt.CompletionService$$anon$2.call(CompletionService.scala:30) ~[na:na]
	at java.util.concurrent.FutureTask$Sync.innerRun(Unknown Source) ~[na:1.7.0_05]
	at java.util.concurrent.FutureTask.run(Unknown Source) ~[na:1.7.0_05]
	at java.util.concurrent.Executors$RunnableAdapter.call(Unknown Source) ~[na:1.7.0_05]
	at java.util.concurrent.FutureTask$Sync.innerRun(Unknown Source) ~[na:1.7.0_05]
	at java.util.concurrent.FutureTask.run(Unknown Source) ~[na:1.7.0_05]
	at java.util.concurrent.ThreadPoolExecutor.runWorker(Unknown Source) [na:1.7.0_05]
	at java.util.concurrent.ThreadPoolExecutor$Worker.run(Unknown Source) [na:1.7.0_05]
	at java.lang.Thread.run(Unknown Source) [na:1.7.0_05]

2013-10-04 15:30:39,566 - [INFO] - from play in play-internal-execution-context-1 
database [default] connected at jdbc:mysql://localhost/bookstore

2013-10-04 15:30:42,082 - [INFO] - from play in play-internal-execution-context-1 
Application started (Dev)

